<?xml version="1.0" encoding="UTF-8"?>
<testng-results ignored="0" total="2" passed="2" failed="0" skipped="0">
  <reporter-output>
  </reporter-output>
  <suite started-at="2022-10-31T01:18:34 IST" name="Default suite" finished-at="2022-10-31T01:18:54 IST" duration-ms="20675">
    <groups>
    </groups>
    <test started-at="2022-10-31T01:18:34 IST" name="Default test" finished-at="2022-10-31T01:18:54 IST" duration-ms="20675">
      <class name="test_package.TestCase01">
        <test-method is-config="true" signature="Start_Test()[pri:0, instance:test_package.TestCase01@43195e57]" started-at="2022-10-31T01:18:34 IST" name="Start_Test" finished-at="2022-10-31T01:18:38 IST" duration-ms="4774" status="PASS">
          <reporter-output>
          </reporter-output>
        </test-method> <!-- Start_Test -->
        <test-method signature="Test01()[pri:0, instance:test_package.TestCase01@43195e57]" started-at="2022-10-31T01:18:38 IST" name="Test01" finished-at="2022-10-31T01:18:39 IST" duration-ms="616" status="PASS">
          <reporter-output>
          </reporter-output>
        </test-method> <!-- Test01 -->
        <test-method is-config="true" signature="End_Test()[pri:0, instance:test_package.TestCase01@43195e57]" started-at="2022-10-31T01:18:39 IST" name="End_Test" finished-at="2022-10-31T01:18:42 IST" duration-ms="3223" status="PASS">
          <reporter-output>
          </reporter-output>
        </test-method> <!-- End_Test -->
        <test-method is-config="true" signature="Start_Test()[pri:0, instance:test_package.TestCase01@43195e57]" started-at="2022-10-31T01:18:42 IST" name="Start_Test" finished-at="2022-10-31T01:18:46 IST" duration-ms="3714" status="PASS">
          <reporter-output>
          </reporter-output>
        </test-method> <!-- Start_Test -->
        <test-method signature="Test02()[pri:1, instance:test_package.TestCase01@43195e57]" started-at="2022-10-31T01:18:46 IST" name="Test02" finished-at="2022-10-31T01:18:51 IST" duration-ms="5063" status="PASS">
          <reporter-output>
          </reporter-output>
        </test-method> <!-- Test02 -->
        <test-method is-config="true" signature="End_Test()[pri:0, instance:test_package.TestCase01@43195e57]" started-at="2022-10-31T01:18:51 IST" name="End_Test" finished-at="2022-10-31T01:18:54 IST" duration-ms="3237" status="PASS">
          <reporter-output>
          </reporter-output>
        </test-method> <!-- End_Test -->
      </class> <!-- test_package.TestCase01 -->
    </test> <!-- Default test -->
  </suite> <!-- Default suite -->
</testng-results>
