<?xml version="1.0" encoding="UTF-8"?>
<testng-results ignored="0" total="2" passed="1" failed="1" skipped="0">
  <reporter-output>
    <line>
      <![CDATA[===user LoginTest completed success===]]>
    </line>
    <line>
      <![CDATA[===User clicked on the username label===]]>
    </line>
    <line>
      <![CDATA[===User clicked on the LogOut Button ===]]>
    </line>
  </reporter-output>
  <suite started-at="2022-10-31T11:56:38 IST" name="Default suite" finished-at="2022-10-31T11:57:00 IST" duration-ms="22424">
    <groups>
    </groups>
    <test started-at="2022-10-31T11:56:38 IST" name="Default test" finished-at="2022-10-31T11:57:00 IST" duration-ms="22424">
      <class name="test_package.TestCase01">
        <test-method is-config="true" signature="Start_Test()[pri:0, instance:test_package.TestCase01@5e0e82ae]" started-at="2022-10-31T11:56:38 IST" name="Start_Test" finished-at="2022-10-31T11:56:45 IST" duration-ms="7524" status="PASS">
          <reporter-output>
          </reporter-output>
        </test-method> <!-- Start_Test -->
        <test-method signature="Test01()[pri:0, instance:test_package.TestCase01@5e0e82ae]" started-at="2022-10-31T11:56:45 IST" name="Test01" finished-at="2022-10-31T11:56:45 IST" duration-ms="6" status="FAIL">
          <exception class="java.lang.NullPointerException">
            <message>
              <![CDATA[Cannot invoke "org.openqa.selenium.SearchContext.findElement(org.openqa.selenium.By)" because "this.searchContext" is null]]>
            </message>
            <full-stacktrace>
              <![CDATA[java.lang.NullPointerException: Cannot invoke "org.openqa.selenium.SearchContext.findElement(org.openqa.selenium.By)" because "this.searchContext" is null
at org.openqa.selenium.support.pagefactory.DefaultElementLocator.findElement(DefaultElementLocator.java:70)
at org.openqa.selenium.support.pagefactory.internal.LocatingElementHandler.invoke(LocatingElementHandler.java:39)
at jdk.proxy2/jdk.proxy2.$Proxy11.sendKeys(Unknown Source)
at project_Pages.Loginpage.LoginTest(Loginpage.java:62)
at test_package.TestCase01.Test01(TestCase01.java:21)
at java.base/jdk.internal.reflect.DirectMethodHandleAccessor.invoke(DirectMethodHandleAccessor.java:104)
at java.base/java.lang.reflect.Method.invoke(Method.java:577)
at org.testng.internal.MethodInvocationHelper.invokeMethod(MethodInvocationHelper.java:133)
at org.testng.internal.TestInvoker.invokeMethod(TestInvoker.java:598)
at org.testng.internal.TestInvoker.invokeTestMethod(TestInvoker.java:173)
at org.testng.internal.MethodRunner.runInSequence(MethodRunner.java:46)
at org.testng.internal.TestInvoker$MethodInvocationAgent.invoke(TestInvoker.java:824)
at org.testng.internal.TestInvoker.invokeTestMethods(TestInvoker.java:146)
at org.testng.internal.TestMethodWorker.invokeTestMethods(TestMethodWorker.java:146)
at org.testng.internal.TestMethodWorker.run(TestMethodWorker.java:128)
at java.base/java.util.ArrayList.forEach(ArrayList.java:1511)
at org.testng.TestRunner.privateRun(TestRunner.java:794)
at org.testng.TestRunner.run(TestRunner.java:596)
at org.testng.SuiteRunner.runTest(SuiteRunner.java:377)
at org.testng.SuiteRunner.runSequentially(SuiteRunner.java:371)
at org.testng.SuiteRunner.privateRun(SuiteRunner.java:332)
at org.testng.SuiteRunner.run(SuiteRunner.java:276)
at org.testng.SuiteRunnerWorker.runSuite(SuiteRunnerWorker.java:53)
at org.testng.SuiteRunnerWorker.run(SuiteRunnerWorker.java:96)
at org.testng.TestNG.runSuitesSequentially(TestNG.java:1212)
at org.testng.TestNG.runSuitesLocally(TestNG.java:1134)
at org.testng.TestNG.runSuites(TestNG.java:1063)
at org.testng.TestNG.run(TestNG.java:1031)
at org.testng.remote.AbstractRemoteTestNG.run(AbstractRemoteTestNG.java:115)
at org.testng.remote.RemoteTestNG.initAndRun(RemoteTestNG.java:251)
at org.testng.remote.RemoteTestNG.main(RemoteTestNG.java:77)
]]>
            </full-stacktrace>
          </exception> <!-- java.lang.NullPointerException -->
          <reporter-output>
          </reporter-output>
        </test-method> <!-- Test01 -->
        <test-method is-config="true" signature="End_Test()[pri:0, instance:test_package.TestCase01@5e0e82ae]" started-at="2022-10-31T11:56:45 IST" name="End_Test" finished-at="2022-10-31T11:56:48 IST" duration-ms="3201" status="PASS">
          <reporter-output>
          </reporter-output>
        </test-method> <!-- End_Test -->
        <test-method is-config="true" signature="Start_Test()[pri:0, instance:test_package.TestCase01@5e0e82ae]" started-at="2022-10-31T11:56:48 IST" name="Start_Test" finished-at="2022-10-31T11:56:52 IST" duration-ms="3814" status="PASS">
          <reporter-output>
          </reporter-output>
        </test-method> <!-- Start_Test -->
        <test-method signature="Test02()[pri:1, instance:test_package.TestCase01@5e0e82ae]" started-at="2022-10-31T11:56:52 IST" name="Test02" finished-at="2022-10-31T11:56:57 IST" duration-ms="4638" status="PASS">
          <reporter-output>
            <line>
              <![CDATA[===user LoginTest completed success===]]>
            </line>
            <line>
              <![CDATA[===User clicked on the username label===]]>
            </line>
            <line>
              <![CDATA[===User clicked on the LogOut Button ===]]>
            </line>
          </reporter-output>
        </test-method> <!-- Test02 -->
        <test-method is-config="true" signature="End_Test()[pri:0, instance:test_package.TestCase01@5e0e82ae]" started-at="2022-10-31T11:56:57 IST" name="End_Test" finished-at="2022-10-31T11:57:00 IST" duration-ms="3204" status="PASS">
          <reporter-output>
          </reporter-output>
        </test-method> <!-- End_Test -->
      </class> <!-- test_package.TestCase01 -->
    </test> <!-- Default test -->
  </suite> <!-- Default suite -->
</testng-results>
